TN:
SF:src\secondaryFunctions.js
FN:1,sumOfTransactions
FN:2,(anonymous_1)
FN:10,isCurr
FN:18,getRate
FN:26,getInverseRate
FNF:5
FNH:5
FNDA:1,sumOfTransactions
FNDA:2,(anonymous_1)
FNDA:5,isCurr
FNDA:2,getRate
FNDA:2,getInverseRate
DA:2,1
DA:3,2
DA:4,1
DA:6,1
DA:11,5
DA:12,3
DA:14,2
DA:19,2
DA:20,1
DA:22,1
DA:27,2
DA:28,1
DA:30,1
LF:13
LH:13
BRDA:3,0,0,1
BRDA:3,0,1,1
BRDA:11,1,0,3
BRDA:11,1,1,2
BRDA:11,2,0,5
BRDA:11,2,1,3
BRDA:19,3,0,1
BRDA:19,3,1,1
BRDA:27,4,0,1
BRDA:27,4,1,1
BRF:10
BRH:10
end_of_record
